<?xml version="1.0" encoding="UTF-8"?>
<testng-results ignored="0" total="2" passed="2" failed="0" skipped="0">
  <reporter-output>
  </reporter-output>
  <suite started-at="2023-01-13T14:21:13 IST" name="Default suite" finished-at="2023-01-13T14:21:33 IST" duration-ms="20134">
    <groups>
    </groups>
    <test started-at="2023-01-13T14:21:13 IST" name="Default test" finished-at="2023-01-13T14:21:33 IST" duration-ms="20134">
      <class name="britinsurance.DemoTests">
        <test-method is-config="true" signature="beforeMethod()[pri:0, instance:britinsurance.DemoTests@20deea7f]" started-at="2023-01-13T14:21:13 IST" name="beforeMethod" finished-at="2023-01-13T14:21:18 IST" duration-ms="5543" status="PASS">
          <reporter-output>
          </reporter-output>
        </test-method> <!-- beforeMethod -->
        <test-method signature="validateContactAddress()[pri:0, instance:britinsurance.DemoTests@20deea7f]" started-at="2023-01-13T14:21:18 IST" name="validateContactAddress" description="Scenario 2 - Click Contact and verify Address" finished-at="2023-01-13T14:21:24 IST" duration-ms="6020" status="PASS">
          <reporter-output>
          </reporter-output>
        </test-method> <!-- validateContactAddress -->
        <test-method is-config="true" signature="afterMethod()[pri:0, instance:britinsurance.DemoTests@20deea7f]" started-at="2023-01-13T14:21:24 IST" name="afterMethod" finished-at="2023-01-13T14:21:25 IST" duration-ms="168" status="PASS">
          <reporter-output>
          </reporter-output>
        </test-method> <!-- afterMethod -->
        <test-method is-config="true" signature="beforeMethod()[pri:0, instance:britinsurance.DemoTests@20deea7f]" started-at="2023-01-13T14:21:25 IST" name="beforeMethod" finished-at="2023-01-13T14:21:28 IST" duration-ms="3540" status="PASS">
          <reporter-output>
          </reporter-output>
        </test-method> <!-- beforeMethod -->
        <test-method signature="validateSearch()[pri:0, instance:britinsurance.DemoTests@20deea7f]" started-at="2023-01-13T14:21:28 IST" name="validateSearch" description="Scenario 1 - Perform Search and Validate Expected Results" finished-at="2023-01-13T14:21:33 IST" duration-ms="4587" status="PASS">
          <reporter-output>
          </reporter-output>
        </test-method> <!-- validateSearch -->
        <test-method is-config="true" signature="afterMethod()[pri:0, instance:britinsurance.DemoTests@20deea7f]" started-at="2023-01-13T14:21:33 IST" name="afterMethod" finished-at="2023-01-13T14:21:33 IST" duration-ms="216" status="PASS">
          <reporter-output>
          </reporter-output>
        </test-method> <!-- afterMethod -->
      </class> <!-- britinsurance.DemoTests -->
    </test> <!-- Default test -->
  </suite> <!-- Default suite -->
</testng-results>
